<?xml version="1.0" encoding="UTF-8"?>
<!-- Generated by org.testng.reporters.JUnitXMLReporter -->
<testsuite hostname="Admin" failures="1" tests="1" name="Test" time="29.156" errors="0" timestamp="2 Nov 2020 19:35:39 GMT">
  <testcase classname="testRunner.TestRunner" name="feature" time="28.417">
    <failure type="cucumber.runtime.CucumberException" message="java.lang.AssertionError: Document Chairs for Kids is not displayed expected [true] but found [false]">
      <![CDATA[cucumber.runtime.CucumberException: java.lang.AssertionError: Document Chairs for Kids is not displayed expected [true] but found [false]
	at cucumber.api.testng.TestNGCucumberRunner.runCucumber(TestNGCucumberRunner.java:69)
	at cucumber.api.testng.AbstractTestNGCucumberTests.feature(AbstractTestNGCucumberTests.java:21)
Caused by: java.lang.AssertionError: Document Chairs for Kids is not displayed expected [true] but found [false]
	at stepDefinitions.ContentPageSteps.user_is_navigated_to_content_page_with_document_displayed(ContentPageSteps.java:16)
	at ✽.Then user is navigated to Content Page with document Chairs for Kids displayed(ManageDocument.feature:10)
... Removed 27 stack frames]]>
    </failure>
  </testcase> <!-- feature -->
</testsuite> <!-- Test -->
