<?xml version="1.0" encoding="UTF-8"?>
<testng-results total="1" passed="1" failed="0" skipped="0">
  <reporter-output>
  </reporter-output>
  <suite started-at="2020-11-02T09:33:12Z" name="Suite" finished-at="2020-11-02T09:36:56Z" duration-ms="224568">
    <groups>
      <group name="cucumber">
        <method signature="AbstractTestNGCucumberTests.feature(cucumber.api.testng.CucumberFeatureWrapper)[pri:0, instance:testRunner.TestRunner@16c069df]" name="feature" class="cucumber.api.testng.AbstractTestNGCucumberTests"/>
      </group> <!-- cucumber -->
    </groups>
    <test started-at="2020-11-02T09:33:12Z" name="Test" finished-at="2020-11-02T09:36:56Z" duration-ms="224568">
      <class name="testRunner.TestRunner">
        <test-method is-config="true" signature="setUpClass()[pri:0, instance:testRunner.TestRunner@16c069df]" started-at="2020-11-02T10:33:12Z" name="setUpClass" finished-at="2020-11-02T10:33:12Z" duration-ms="321" status="PASS">
          <reporter-output>
          </reporter-output>
        </test-method> <!-- setUpClass -->
        <test-method signature="feature(cucumber.api.testng.CucumberFeatureWrapper)[pri:0, instance:testRunner.TestRunner@16c069df]" started-at="2020-11-02T10:33:12Z" name="feature" description="Runs Cucumber Feature" data-provider="features" finished-at="2020-11-02T10:36:56Z" duration-ms="223947" status="PASS">
          <params>
            <param index="0">
              <value>
                <![CDATA[Manage Document]]>
              </value>
            </param>
          </params>
          <reporter-output>
          </reporter-output>
        </test-method> <!-- feature -->
        <test-method is-config="true" signature="tearDownClass()[pri:0, instance:testRunner.TestRunner@16c069df]" started-at="2020-11-02T10:36:56Z" name="tearDownClass" finished-at="2020-11-02T10:36:56Z" duration-ms="129" status="PASS">
          <reporter-output>
          </reporter-output>
        </test-method> <!-- tearDownClass -->
      </class> <!-- testRunner.TestRunner -->
    </test> <!-- Test -->
  </suite> <!-- Suite -->
</testng-results>
