<?xml version="1.0" encoding="UTF-8"?>
<testng-results total="1" passed="1" failed="0" skipped="0">
  <reporter-output>
  </reporter-output>
  <suite started-at="2020-11-02T12:41:33Z" name="Suite" finished-at="2020-11-02T12:42:02Z" duration-ms="28871">
    <groups>
      <group name="cucumber">
        <method signature="AbstractTestNGCucumberTests.feature(cucumber.api.testng.CucumberFeatureWrapper)[pri:0, instance:testRunner.TestRunner@1a942c18]" name="feature" class="cucumber.api.testng.AbstractTestNGCucumberTests"/>
      </group> <!-- cucumber -->
    </groups>
    <test started-at="2020-11-02T12:41:33Z" name="Test" finished-at="2020-11-02T12:42:02Z" duration-ms="28871">
      <class name="testRunner.TestRunner">
        <test-method is-config="true" signature="setUpClass()[pri:0, instance:testRunner.TestRunner@1a942c18]" started-at="2020-11-02T13:41:33Z" name="setUpClass" finished-at="2020-11-02T13:41:33Z" duration-ms="472" status="PASS">
          <reporter-output>
          </reporter-output>
        </test-method> <!-- setUpClass -->
        <test-method signature="feature(cucumber.api.testng.CucumberFeatureWrapper)[pri:0, instance:testRunner.TestRunner@1a942c18]" started-at="2020-11-02T13:41:34Z" name="feature" description="Runs Cucumber Feature" data-provider="features" finished-at="2020-11-02T13:42:02Z" duration-ms="28092" status="PASS">
          <params>
            <param index="0">
              <value>
                <![CDATA[Manage Document]]>
              </value>
            </param>
          </params>
          <reporter-output>
          </reporter-output>
        </test-method> <!-- feature -->
        <test-method is-config="true" signature="tearDownClass()[pri:0, instance:testRunner.TestRunner@1a942c18]" started-at="2020-11-02T13:42:02Z" name="tearDownClass" finished-at="2020-11-02T13:42:02Z" duration-ms="67" status="PASS">
          <reporter-output>
          </reporter-output>
        </test-method> <!-- tearDownClass -->
      </class> <!-- testRunner.TestRunner -->
    </test> <!-- Test -->
  </suite> <!-- Suite -->
</testng-results>
